<?xml version="1.0" encoding="UTF-8"?>
<!-- Generated by org.testng.reporters.JUnitXMLReporter -->
<testsuite hostname="DESKTOP-E639F34" name="Test" tests="8" failures="0" timestamp="28 Oct 2020 14:23:44 GMT" time="2.444" errors="0">
  <testcase name="@BeforeClass getDataFromConfig" time="0.0" classname="commonMethods.Testcases">
    <failure type="org.openqa.selenium.WebDriverException" message="unknown error: cannot find Chrome binary
  (Driver info: chromedriver=2.36.540470 (e522d04694c7ebea4ba8821272dbef4f9b818c91),platform=Windows NT 10.0.18363 x86_64) (WARNING: The server did not provide any stacktrace information)
Command duration or timeout: 84 milliseconds
Build info: version: &amp;apos;3.10.0&amp;apos;, revision: &amp;apos;176b4a9&amp;apos;, time: &amp;apos;2018-03-02T19:03:16.397Z&amp;apos;
System info: host: &amp;apos;DESKTOP-E639F34&amp;apos;, ip: &amp;apos;192.168.1.47&amp;apos;, os.name: &amp;apos;Windows 10&amp;apos;, os.arch: &amp;apos;amd64&amp;apos;, os.version: &amp;apos;10.0&amp;apos;, java.version: &amp;apos;1.8.0_201&amp;apos;
Driver info: driver.version: ChromeDriver">
      <![CDATA[org.openqa.selenium.WebDriverException: unknown error: cannot find Chrome binary
  (Driver info: chromedriver=2.36.540470 (e522d04694c7ebea4ba8821272dbef4f9b818c91),platform=Windows NT 10.0.18363 x86_64) (WARNING: The server did not provide any stacktrace information)
Command duration or timeout: 84 milliseconds
Build info: version: '3.10.0', revision: '176b4a9', time: '2018-03-02T19:03:16.397Z'
System info: host: 'DESKTOP-E639F34', ip: '192.168.1.47', os.name: 'Windows 10', os.arch: 'amd64', os.version: '10.0', java.version: '1.8.0_201'
Driver info: driver.version: ChromeDriver
	at org.openqa.selenium.remote.ErrorHandler.createThrowable(ErrorHandler.java:214)
	at org.openqa.selenium.remote.ErrorHandler.throwIfResponseFailed(ErrorHandler.java:166)
	at org.openqa.selenium.remote.JsonWireProtocolResponse.lambda$new$0(JsonWireProtocolResponse.java:53)
	at org.openqa.selenium.remote.JsonWireProtocolResponse.lambda$getResponseFunction$2(JsonWireProtocolResponse.java:91)
	at org.openqa.selenium.remote.ProtocolHandshake.lambda$createSession$0(ProtocolHandshake.java:123)
	at java.util.stream.ReferencePipeline$3$1.accept(ReferencePipeline.java:193)
	at java.util.Spliterators$ArraySpliterator.tryAdvance(Spliterators.java:958)
	at java.util.stream.ReferencePipeline.forEachWithCancel(ReferencePipeline.java:126)
	at java.util.stream.AbstractPipeline.copyIntoWithCancel(AbstractPipeline.java:498)
	at java.util.stream.AbstractPipeline.copyInto(AbstractPipeline.java:485)
	at java.util.stream.AbstractPipeline.wrapAndCopyInto(AbstractPipeline.java:471)
	at java.util.stream.FindOps$FindOp.evaluateSequential(FindOps.java:152)
	at java.util.stream.AbstractPipeline.evaluate(AbstractPipeline.java:234)
	at java.util.stream.ReferencePipeline.findFirst(ReferencePipeline.java:464)
	at org.openqa.selenium.remote.ProtocolHandshake.createSession(ProtocolHandshake.java:126)
	at org.openqa.selenium.remote.ProtocolHandshake.createSession(ProtocolHandshake.java:73)
	at org.openqa.selenium.remote.HttpCommandExecutor.execute(HttpCommandExecutor.java:138)
	at org.openqa.selenium.remote.service.DriverCommandExecutor.execute(DriverCommandExecutor.java:83)
	at org.openqa.selenium.remote.RemoteWebDriver.execute(RemoteWebDriver.java:601)
	at org.openqa.selenium.remote.RemoteWebDriver.startSession(RemoteWebDriver.java:219)
	at org.openqa.selenium.remote.RemoteWebDriver.<init>(RemoteWebDriver.java:142)
	at org.openqa.selenium.chrome.ChromeDriver.<init>(ChromeDriver.java:181)
	at org.openqa.selenium.chrome.ChromeDriver.<init>(ChromeDriver.java:168)
	at org.openqa.selenium.chrome.ChromeDriver.<init>(ChromeDriver.java:123)
	at commonMethods.Config.getWebDriver(Config.java:41)
	at commonMethods.Testcases.getDataFromConfig(Testcases.java:48)
... Removed 31 stack frames]]>
    </failure>
  </testcase> <!-- @BeforeClass getDataFromConfig -->
  <testcase name="@AfterTest teardown" time="0.0" classname="commonMethods.Testcases">
    <failure type="java.lang.NullPointerException">
      <![CDATA[java.lang.NullPointerException
	at commonMethods.Testcases.teardown(Testcases.java:100)
... Removed 25 stack frames]]>
    </failure>
  </testcase> <!-- @AfterTest teardown -->
  <testcase name="productSearch" time="0.002" classname="commonMethods.Testcases">
    <skipped/>
  </testcase> <!-- productSearch -->
  <testcase name="productSelect" time="0.001" classname="commonMethods.Testcases">
    <skipped/>
  </testcase> <!-- productSelect -->
  <testcase name="productShopping" time="0.001" classname="commonMethods.Testcases">
    <skipped/>
  </testcase> <!-- productShopping -->
  <testcase name="productCart" time="0.001" classname="commonMethods.Testcases">
    <skipped/>
  </testcase> <!-- productCart -->
  <testcase name="Login" time="0.001" classname="commonMethods.Testcases">
    <skipped/>
  </testcase> <!-- Login -->
  <testcase name="productDeliver" time="0.002" classname="commonMethods.Testcases">
    <skipped/>
  </testcase> <!-- productDeliver -->
  <testcase name="productRemove" time="0.002" classname="commonMethods.Testcases">
    <skipped/>
  </testcase> <!-- productRemove -->
  <testcase name="Logout" time="0.002" classname="commonMethods.Testcases">
    <skipped/>
  </testcase> <!-- Logout -->
</testsuite> <!-- Test -->
