<!DOCTYPE html>

<html>
    <head>
        <title>Pie Charts</title>

        <link rel="stylesheet" type="text/css" href="../../../../../../../HTML_Design_Files/CSS/design.css" />
        <link rel="stylesheet" type="text/css" href="../../../../../../../HTML_Design_Files/CSS/jquery.jqplot.css" />

        <script type="text/javascript" src="../../../../../../../HTML_Design_Files/JS/jquery.min.js"></script>
        <script type="text/javascript" src="../../../../../../../HTML_Design_Files/JS/jquery.jqplot.min.js"></script>
        <!--[if lt IE 9]>
        <script language="javascript" type="text/javascript" src="../../../../../../../HTML_Design_Files/JS/excanvas.js"></script>
        <![endif]-->

        <script language="javascript" type="text/javascript" src="../../../../../../../HTML_Design_Files/JS/jqplot.pieRenderer.min.js"></script>
        <script language="javascript" type="text/javascript">$(document).ready(function() { $(".exception").hide(); $("#showmenu").show(); $('#showmenu').click(function() { $('.exception').toggle("slide"); }); });        </script>    </head>
    <body>
        <table id="mainTable">
            <tr id="header" >
                <td id="logo"><img src="../../../../../../../HTML_Design_Files/IMG/TrackDfect.jpg" alt="Logo" height="80" width="140" /> <br/></td>
                <td id="headertext">
           HEALMAKER Reports         
<div style="padding-right:20px;float:right"><img src="../../../../../../../HTML_Design_Files/IMG/TrackDfect.png" height="70" width="140" /> </i></div>                </td>
            </tr>

            <tr id="container">
                <td id="menu">
                    <ul> 

 <li class="menuStyle"><a href="../../../../../../../index.html" >Index</a></li><li style="padding-top: 4px;"><a href="../../../../../../ConsolidatedPage.html" >Consolidated Page</a></li>


                    </ul>
                </td>


<td id="content">   
                    <div class="info">
       TestCase Name: <b>TC012_HealerLogout  :  Iteration 1</b><br/>                        Time Taken for Executing: <b>26 Sec</b> <br/>
                        Current Run Number: <b>Run 308</b></br>
                    </div>
<div class="chartStyle summary" style="background-color:#dbae0f;width: 46%; height: 200px;">          
                        <b>Execution Platform Details</b><br/><br/>
                        <table>
                            <tr>
                                <td>O.S</td>
                                <td>&nbsp;&nbsp;:&nbsp;&nbsp;</td>
                                <td>Windows 10, amd64Bit, v10.0</td>
                            </tr>
                            <tr>
                                <td>Java</td>
                                <td>&nbsp;&nbsp;:&nbsp;&nbsp;</td>
                                <td>1.8.0_201</td>
                            </tr>

                            <tr>
                                <td>Hostname</td>
                                <td>&nbsp;&nbsp;:&nbsp;&nbsp;</td>
                                <td>DESKTOP-E639F34</td>
                            </tr>

   <td>Selenium</td>
                                <td>&nbsp;&nbsp;:&nbsp;&nbsp;</td>
                                <td>3.10.0</td>
                         <tr>
                                                        </table>  
                    </div>
                   
 <div class="chartStyle summary" style="background-color:#03b78a; margin-left: 20px; height: 200px;width: 46%; ">
                        <b>Summary</b><br/><br/>
                        <table>
                            <tr>
                                <td>Status</td>
                                <td>&nbsp;&nbsp;:&nbsp;&nbsp;</td>
                                <td>Failed</td>
                            </tr>
                            <tr>
                                <td>Execution Date</td>
                                <td>&nbsp;&nbsp;:&nbsp;&nbsp;</td>
                                <td>15-Dec-2020 06:26:54</td>
                            </tr>
                            

                            <tr>
                                <td>Browser</td>
                                <td>&nbsp;&nbsp;:&nbsp;&nbsp;</td>
                                <td>Chrome</td>
                            </tr>
 				<td>BrowserVersion</td>
                                <td>&nbsp;&nbsp;:&nbsp;&nbsp;</td>
                                <td>65.0.3325.146 (Official Build) (64-bit)</td>
                            </tr>
                        </table> 
                    </div>
   <div>
                        <table class="chartStyle" id="tableStyle" style="height:50px; float: left">
                            <tr>
                                <th>S.No</th>
                                <th>Step Description</th>
                                <th>Input Value</th>
                    <th>Actual Value</th>
                   <th>Time</th>
                                <th>Line No</th>
                                <th>Status</th>
                                <th>Screen shot</th>
                            </tr>
                           

<tr><td>1</td>
<td>Wait for the Element Settings</td>
<td></td>
<td></td>
<td>70 Milli Sec</td>
<td>139</td>
<td><img style="height:20px;width:20px;border:none"  alt="PASS" src="../../../../../../..//HTML_Design_Files/IMG/logpass.png" /></td>
<td></td>
</tr><tr><td>2</td>
<td>Scrolled to Settings</td>
<td></td>
<td></td>
<td>25 Milli Sec</td>
<td>536</td>
<td><img style="height:20px;width:20px;border:none"  alt="PASS" src="../../../../../../..//HTML_Design_Files/IMG/logpass.png" /></td>
<td></td>
</tr><tr><td>3</td>
<td>Click on Settings</td>
<td></td>
<td></td>
<td>77 Milli Sec</td>
<td>158</td>
<td><img style="height:20px;width:20px;border:none"  alt="PASS" src="../../../../../../..//HTML_Design_Files/IMG/logpass.png" /></td>
<td></td>
</tr><tr><td>4</td>
<td>Element Not Found - logoutorg.openqa.selenium.WebDriverException: chrome not reachable
  (Session info: chrome=87.0.4280.88)
Build info: version: '3.10.0', revision: '176b4a9', time: '2018-03-02T19:03:16.397Z'
System info: host: 'DESKTOP-E639F34', ip: '192.168.1.47', os.name: 'Windows 10', os.arch: 'amd64', os.version: '10.0', java.version: '1.8.0_201'
Driver info: org.openqa.selenium.chrome.ChromeDriver
Capabilities {acceptInsecureCerts: false, browserName: chrome, browserVersion: 87.0.4280.88, chrome: {chromedriverVersion: 87.0.4280.88 (89e2380a3e36c..., userDataDir: C:\Users\RBT\AppData\Local\...}, goog:chromeOptions: {debuggerAddress: localhost:61180}, javascriptEnabled: true, networkConnectionEnabled: false, pageLoadStrategy: normal, platform: WINDOWS, platformName: WINDOWS, proxy: Proxy(), setWindowRect: true, strictFileInteractability: false, timeouts: {implicit: 0, pageLoad: 300000, script: 30000}, unhandledPromptBehavior: dismiss and notify, webauthn:virtualAuthenticators: true}
Session ID: 65682fdfeeccaf09c6addc298fb083fb
*** Element info: {Using=xpath, value=//a[text()='Logout']}</td>
<td></td>
<td></td>
<td>26 Sec</td>
<td>141</td>
<td><img style="height:18px;width:18px;border:none"  alt="FAIL" src="../../../../../../..//HTML_Design_Files/IMG/logfail.png" /></td>
<td></td>
</tr>
                        </table>  
 <div class="chartStyle summary" style="color: black;width: 98%; height: 100%; padding-bottom: 30px;">          

                        <br/><br/><b>Reason for Failure:&nbsp;&nbsp;</b>null<br/><br/>
<b id="showmenu">Click Me to Show/Hide the Full Stack Trace</b><div class="exception">
java.lang.AssertionError: null
	at org.testng.Assert.fail(Assert.java:94)
	at org.testng.Assert.fail(Assert.java:101)
	at commonMethods.Keywords.waitForElement(Keywords.java:142)
	at scripts.ReusableActions.Logout(ReusableActions.java:70)
	at scripts.HealerActions.Logout(HealerActions.java:35)
	at commonMethods.Testcases.TC012_HealerLogout(Testcases.java:128)
	at sun.reflect.NativeMethodAccessorImpl.invoke0(Native Method)
	at sun.reflect.NativeMethodAccessorImpl.invoke(NativeMethodAccessorImpl.java:62)
	at sun.reflect.DelegatingMethodAccessorImpl.invoke(DelegatingMethodAccessorImpl.java:43)
	at java.lang.reflect.Method.invoke(Method.java:498)
	at org.testng.internal.MethodInvocationHelper.invokeMethod(MethodInvocationHelper.java:86)
	at org.testng.internal.Invoker.invokeMethod(Invoker.java:643)
	at org.testng.internal.Invoker.invokeTestMethod(Invoker.java:820)
	at org.testng.internal.Invoker.invokeTestMethods(Invoker.java:1128)
	at org.testng.internal.TestMethodWorker.invokeTestMethods(TestMethodWorker.java:129)
	at org.testng.internal.TestMethodWorker.run(TestMethodWorker.java:112)
	at org.testng.TestRunner.privateRun(TestRunner.java:782)
	at org.testng.TestRunner.run(TestRunner.java:632)
	at org.testng.SuiteRunner.runTest(SuiteRunner.java:366)
	at org.testng.SuiteRunner.runSequentially(SuiteRunner.java:361)
	at org.testng.SuiteRunner.privateRun(SuiteRunner.java:319)
	at org.testng.SuiteRunner.run(SuiteRunner.java:268)
	at org.testng.SuiteRunnerWorker.runSuite(SuiteRunnerWorker.java:52)
	at org.testng.SuiteRunnerWorker.run(SuiteRunnerWorker.java:86)
	at org.testng.TestNG.runSuitesSequentially(TestNG.java:1244)
	at org.testng.TestNG.runSuitesLocally(TestNG.java:1169)
	at org.testng.TestNG.run(TestNG.java:1064)
	at org.apache.maven.surefire.testng.TestNGExecutor.run(TestNGExecutor.java:283)
	at org.apache.maven.surefire.testng.TestNGXmlTestSuite.execute(TestNGXmlTestSuite.java:75)
	at org.apache.maven.surefire.testng.TestNGProvider.invoke(TestNGProvider.java:120)
	at org.apache.maven.surefire.booter.ForkedBooter.invokeProviderInSameClassLoader(ForkedBooter.java:386)
	at org.apache.maven.surefire.booter.ForkedBooter.runSuitesInProcess(ForkedBooter.java:323)
	at org.apache.maven.surefire.booter.ForkedBooter.main(ForkedBooter.java:143)
</div>                    </div>                    </div>

                </td>
            </tr>            <tr id="footer">
<td colspan="2">
&nbsp;
TrackDfect Reports&nbsp;
 Reports by: <a href="http://www.trackdfect.com/">TrackDfect.com</a>
</td>
</tr>
</table>
</body>
</html>
